app/build/intermediates/manifest_merge_blame_file/debug/manifest-merger-blame-debug-report.txt
1<?xml version="1.0" encoding="utf-8"?>
2<manifest xmlns:android="http://schemas.android.com/apk/res/android"
3    package="com.example.selfieapp"
4    android:versionCode="1"
5    android:versionName="1.0" >
6
7    <uses-sdk
8        android:minSdkVersion="21"
8-->src\main\AndroidManifest.xml
9        android:targetSdkVersion="29" />
9-->src\main\AndroidManifest.xml
10
11    <uses-permission android:name="android.permission.INTERNET" />
11-->src\main\AndroidManifest.xml:5:5-66
11-->src\main\AndroidManifest.xml:5:22-64
12    <uses-permission android:name="android.permission.CAMERA" />
12-->src\main\AndroidManifest.xml:7:5-65
12-->src\main\AndroidManifest.xml:7:22-62
13    <uses-permission android:name="android.permission.READ_EXTERNAL_STORAGE" />
13-->src\main\AndroidManifest.xml:8:5-80
13-->src\main\AndroidManifest.xml:8:22-77
14    <uses-permission android:name="android.permission.WRITE_EXTERNAL_STORAGE" />
14-->src\main\AndroidManifest.xml:9:5-81
14-->src\main\AndroidManifest.xml:9:22-78
15    <uses-permission android:name="android.permission.ACCESS_FINE_LOCATION" />
15-->src\main\AndroidManifest.xml:10:5-79
15-->src\main\AndroidManifest.xml:10:22-76
16
17    <!-- Although the *SdkVersion is captured in gradle build files, this is required for non gradle builds -->
18    <!-- <uses-sdk android:minSdkVersion="14"/> -->
19    <uses-permission android:name="android.permission.ACCESS_NETWORK_STATE" />
19-->[com.google.firebase:firebase-database:19.2.1] AndroidManifest.xml:25:5-79
19-->[com.google.firebase:firebase-database:19.2.1] AndroidManifest.xml:25:22-76
20    <uses-permission android:name="com.google.android.finsky.permission.BIND_GET_INSTALL_REFERRER_SERVICE" />
20-->[com.android.installreferrer:installreferrer:1.0] AndroidManifest.xml:9:5-110
20-->[com.android.installreferrer:installreferrer:1.0] AndroidManifest.xml:9:22-107
21
22    <application
22-->src\main\AndroidManifest.xml:12:5-57:19
23        android:allowBackup="true"
23-->src\main\AndroidManifest.xml:13:9-35
24        android:appComponentFactory="androidx.core.app.CoreComponentFactory"
24-->[androidx.core:core:1.2.0] AndroidManifest.xml:24:18-86
25        android:debuggable="true"
26        android:icon="@mipmap/ic_launcher"
26-->src\main\AndroidManifest.xml:14:9-43
27        android:label="@string/app_name"
27-->src\main\AndroidManifest.xml:15:9-41
28        android:roundIcon="@mipmap/ic_launcher_round"
28-->src\main\AndroidManifest.xml:16:9-54
29        android:supportsRtl="true"
29-->src\main\AndroidManifest.xml:17:9-35
30        android:testOnly="true"
31        android:theme="@style/AppTheme" >
31-->src\main\AndroidManifest.xml:18:9-40
32        <activity android:name="com.example.selfieapp.activities_login.PhoneAuthActivity" />
32-->src\main\AndroidManifest.xml:19:9-81
32-->src\main\AndroidManifest.xml:19:19-69
33        <activity android:name="com.example.selfieapp.activities_login.SplashScreenActivity" >
33-->src\main\AndroidManifest.xml:20:9-27:20
33-->src\main\AndroidManifest.xml:20:19-72
34            <intent-filter>
34-->src\main\AndroidManifest.xml:21:13-25:29
35                <action android:name="android.intent.action.MAIN" />
35-->src\main\AndroidManifest.xml:22:17-69
35-->src\main\AndroidManifest.xml:22:25-66
36
37                <category android:name="android.intent.category.LAUNCHER" />
37-->src\main\AndroidManifest.xml:24:17-77
37-->src\main\AndroidManifest.xml:24:27-74
38            </intent-filter>
39        </activity>
40        <activity android:name="com.example.selfieapp.activities_login.RegisterActivity" />
40-->src\main\AndroidManifest.xml:28:9-71
40-->src\main\AndroidManifest.xml:28:19-68
41        <activity android:name="com.example.selfieapp.activities_login.LoginActivity" />
41-->src\main\AndroidManifest.xml:29:9-68
41-->src\main\AndroidManifest.xml:29:19-65
42        <activity android:name="com.example.selfieapp.MainActivity" >
42-->src\main\AndroidManifest.xml:30:9-36:20
42-->src\main\AndroidManifest.xml:30:19-47
43            <intent-filter>
43-->src\main\AndroidManifest.xml:31:13-35:29
44                <action android:name="android.intent.action.MAIN" />
44-->src\main\AndroidManifest.xml:22:17-69
44-->src\main\AndroidManifest.xml:22:25-66
45
46                <category android:name="android.intent.category.DEFAULT" />
46-->src\main\AndroidManifest.xml:34:17-76
46-->src\main\AndroidManifest.xml:34:27-73
47            </intent-filter>
48        </activity>
49
50        <meta-data
50-->src\main\AndroidManifest.xml:38:9-39:54
51            android:name="com.facebook.sdk.ApplicationId"
51-->src\main\AndroidManifest.xml:38:20-65
52            android:value="@string/facebook_app_id" />
52-->src\main\AndroidManifest.xml:39:13-52
53
54        <activity
54-->src\main\AndroidManifest.xml:41:9-44:48
55            android:name="com.facebook.FacebookActivity"
55-->src\main\AndroidManifest.xml:41:19-63
56            android:configChanges="keyboard|keyboardHidden|screenLayout|screenSize|orientation"
56-->src\main\AndroidManifest.xml:42:13-114
57            android:label="@string/app_name"
57-->src\main\AndroidManifest.xml:44:13-45
58            android:theme="@style/com_facebook_activity_theme" />
58-->[com.facebook.android:facebook-common:5.15.3] AndroidManifest.xml:33:13-63
59        <activity
59-->src\main\AndroidManifest.xml:45:9-54:20
60            android:name="com.facebook.CustomTabActivity"
60-->src\main\AndroidManifest.xml:46:13-58
61            android:exported="true" >
61-->src\main\AndroidManifest.xml:47:13-36
62            <intent-filter>
62-->src\main\AndroidManifest.xml:48:13-53:29
63                <action android:name="android.intent.action.VIEW" />
63-->src\main\AndroidManifest.xml:49:17-69
63-->src\main\AndroidManifest.xml:49:25-66
64
65                <category android:name="android.intent.category.DEFAULT" />
65-->src\main\AndroidManifest.xml:34:17-76
65-->src\main\AndroidManifest.xml:34:27-73
66                <category android:name="android.intent.category.BROWSABLE" />
66-->src\main\AndroidManifest.xml:51:17-78
66-->src\main\AndroidManifest.xml:51:27-75
67
68                <data android:scheme="@string/fb_login_protocol_scheme" />
68-->src\main\AndroidManifest.xml:52:17-75
68-->src\main\AndroidManifest.xml:52:23-72
69            </intent-filter>
70            <intent-filter>
70-->[com.facebook.android:facebook-common:5.15.3] AndroidManifest.xml:39:13-48:29
71                <action android:name="android.intent.action.VIEW" />
71-->src\main\AndroidManifest.xml:49:17-69
71-->src\main\AndroidManifest.xml:49:25-66
72
73                <category android:name="android.intent.category.DEFAULT" />
73-->src\main\AndroidManifest.xml:34:17-76
73-->src\main\AndroidManifest.xml:34:27-73
74                <category android:name="android.intent.category.BROWSABLE" />
74-->src\main\AndroidManifest.xml:51:17-78
74-->src\main\AndroidManifest.xml:51:27-75
75
76                <data
76-->src\main\AndroidManifest.xml:52:17-75
77                    android:host="cct.com.example.selfieapp"
78                    android:scheme="fbconnect" />
78-->src\main\AndroidManifest.xml:52:23-72
79            </intent-filter>
80        </activity>
81        <activity
81-->[com.karumi:dexter:6.0.2] AndroidManifest.xml:27:9-29:72
82            android:name="com.karumi.dexter.DexterActivity"
82-->[com.karumi:dexter:6.0.2] AndroidManifest.xml:28:13-60
83            android:theme="@style/Dexter.Internal.Theme.Transparent" />
83-->[com.karumi:dexter:6.0.2] AndroidManifest.xml:29:13-69
84        <activity android:name="com.facebook.CustomTabMainActivity" />
84-->[com.facebook.android:facebook-common:5.15.3] AndroidManifest.xml:34:9-71
84-->[com.facebook.android:facebook-common:5.15.3] AndroidManifest.xml:34:19-68
85        <activity
85-->[com.google.firebase:firebase-auth:19.3.0] AndroidManifest.xml:24:9-31:50
86            android:name="com.google.firebase.auth.internal.FederatedSignInActivity"
86-->[com.google.firebase:firebase-auth:19.3.0] AndroidManifest.xml:25:13-85
87            android:excludeFromRecents="true"
87-->[com.google.firebase:firebase-auth:19.3.0] AndroidManifest.xml:26:13-46
88            android:exported="true"
88-->[com.google.firebase:firebase-auth:19.3.0] AndroidManifest.xml:27:13-36
89            android:launchMode="singleTask"
89-->[com.google.firebase:firebase-auth:19.3.0] AndroidManifest.xml:28:13-44
90            android:permission="com.google.firebase.auth.api.gms.permission.LAUNCH_FEDERATED_SIGN_IN"
90-->[com.google.firebase:firebase-auth:19.3.0] AndroidManifest.xml:29:13-102
91            android:theme="@android:style/Theme.Translucent.NoTitleBar" />
91-->[com.google.firebase:firebase-auth:19.3.0] AndroidManifest.xml:30:13-72
92
93        <service
93-->[com.google.firebase:firebase-auth:19.3.0] AndroidManifest.xml:33:9-39:19
94            android:name="com.google.firebase.components.ComponentDiscoveryService"
94-->[com.google.firebase:firebase-auth:19.3.0] AndroidManifest.xml:34:13-84
95            android:directBootAware="true"
95-->[com.google.firebase:firebase-common:19.3.0] AndroidManifest.xml:34:13-43
96            android:exported="false" >
96-->[com.google.firebase:firebase-auth:19.3.0] AndroidManifest.xml:35:13-37
97            <meta-data
97-->[com.google.firebase:firebase-auth:19.3.0] AndroidManifest.xml:36:13-38:85
98                android:name="com.google.firebase.components:com.google.firebase.auth.FirebaseAuthRegistrar"
98-->[com.google.firebase:firebase-auth:19.3.0] AndroidManifest.xml:37:17-109
99                android:value="com.google.firebase.components.ComponentRegistrar" />
99-->[com.google.firebase:firebase-auth:19.3.0] AndroidManifest.xml:38:17-82
100            <meta-data
100-->[com.google.firebase:firebase-database:19.2.1] AndroidManifest.xml:32:13-34:85
101                android:name="com.google.firebase.components:com.google.firebase.database.DatabaseRegistrar"
101-->[com.google.firebase:firebase-database:19.2.1] AndroidManifest.xml:33:17-109
102                android:value="com.google.firebase.components.ComponentRegistrar" />
102-->[com.google.firebase:firebase-database:19.2.1] AndroidManifest.xml:34:17-82
103        </service>
104
105        <activity
105-->[com.google.android.gms:play-services-auth:15.0.1] AndroidManifest.xml:23:9-27:75
106            android:name="com.google.android.gms.auth.api.signin.internal.SignInHubActivity"
106-->[com.google.android.gms:play-services-auth:15.0.1] AndroidManifest.xml:24:13-93
107            android:excludeFromRecents="true"
107-->[com.google.android.gms:play-services-auth:15.0.1] AndroidManifest.xml:25:13-46
108            android:exported="false"
108-->[com.google.android.gms:play-services-auth:15.0.1] AndroidManifest.xml:26:13-37
109            android:theme="@android:style/Theme.Translucent.NoTitleBar" />
109-->[com.google.android.gms:play-services-auth:15.0.1] AndroidManifest.xml:27:13-72
110        <!--
111            Service handling Google Sign-In user revocation. For apps that do not integrate with
112            Google Sign-In, this service will never be started.
113        -->
114        <service
114-->[com.google.android.gms:play-services-auth:15.0.1] AndroidManifest.xml:33:9-36:110
115            android:name="com.google.android.gms.auth.api.signin.RevocationBoundService"
115-->[com.google.android.gms:play-services-auth:15.0.1] AndroidManifest.xml:34:13-89
116            android:exported="true"
116-->[com.google.android.gms:play-services-auth:15.0.1] AndroidManifest.xml:35:13-36
117            android:permission="com.google.android.gms.auth.api.signin.permission.REVOCATION_NOTIFICATION" />
117-->[com.google.android.gms:play-services-auth:15.0.1] AndroidManifest.xml:36:13-107
118
119        <activity
119-->[com.google.android.gms:play-services-base:17.1.0] AndroidManifest.xml:23:9-26:75
120            android:name="com.google.android.gms.common.api.GoogleApiActivity"
120-->[com.google.android.gms:play-services-base:17.1.0] AndroidManifest.xml:24:13-79
121            android:exported="false"
121-->[com.google.android.gms:play-services-base:17.1.0] AndroidManifest.xml:25:13-37
122            android:theme="@android:style/Theme.Translucent.NoTitleBar" />
122-->[com.google.android.gms:play-services-base:17.1.0] AndroidManifest.xml:26:13-72
123
124        <provider
124-->[com.google.firebase:firebase-common:19.3.0] AndroidManifest.xml:26:9-30:39
125            android:name="com.google.firebase.provider.FirebaseInitProvider"
125-->[com.google.firebase:firebase-common:19.3.0] AndroidManifest.xml:27:13-77
126            android:authorities="com.example.selfieapp.firebaseinitprovider"
126-->[com.google.firebase:firebase-common:19.3.0] AndroidManifest.xml:28:13-72
127            android:exported="false"
127-->[com.google.firebase:firebase-common:19.3.0] AndroidManifest.xml:29:13-37
128            android:initOrder="100" />
128-->[com.google.firebase:firebase-common:19.3.0] AndroidManifest.xml:30:13-36
129
130        <meta-data
130-->[com.google.android.gms:play-services-basement:17.0.0] AndroidManifest.xml:23:9-25:69
131            android:name="com.google.android.gms.version"
131-->[com.google.android.gms:play-services-basement:17.0.0] AndroidManifest.xml:24:13-58
132            android:value="@integer/google_play_services_version" />
132-->[com.google.android.gms:play-services-basement:17.0.0] AndroidManifest.xml:25:13-66
133        <!--
134         The initialization ContentProvider will call FacebookSdk.sdkInitialize automatically
135         with the application context. This config is merged in with the host app's manifest,
136         but there can only be one provider with the same authority activated at any given
137         point; so if the end user has two or more different apps that use Facebook SDK, only the
138         first one will be able to use the provider. To work around this problem, we use the
139         following placeholder in the authority to identify each host application as if it was
140         a completely different provider.
141        -->
142        <provider
142-->[com.facebook.android:facebook-core:5.15.3] AndroidManifest.xml:39:9-42:40
143            android:name="com.facebook.internal.FacebookInitProvider"
143-->[com.facebook.android:facebook-core:5.15.3] AndroidManifest.xml:40:13-70
144            android:authorities="com.example.selfieapp.FacebookInitProvider"
144-->[com.facebook.android:facebook-core:5.15.3] AndroidManifest.xml:41:13-72
145            android:exported="false" />
145-->[com.facebook.android:facebook-core:5.15.3] AndroidManifest.xml:42:13-37
146
147        <receiver
147-->[com.facebook.android:facebook-core:5.15.3] AndroidManifest.xml:44:9-50:20
148            android:name="com.facebook.CurrentAccessTokenExpirationBroadcastReceiver"
148-->[com.facebook.android:facebook-core:5.15.3] AndroidManifest.xml:45:13-86
149            android:exported="false" >
149-->[com.facebook.android:facebook-core:5.15.3] AndroidManifest.xml:46:13-37
150            <intent-filter>
150-->[com.facebook.android:facebook-core:5.15.3] AndroidManifest.xml:47:13-49:29
151                <action android:name="com.facebook.sdk.ACTION_CURRENT_ACCESS_TOKEN_CHANGED" />
151-->[com.facebook.android:facebook-core:5.15.3] AndroidManifest.xml:48:17-95
151-->[com.facebook.android:facebook-core:5.15.3] AndroidManifest.xml:48:25-92
152            </intent-filter>
153        </receiver>
154    </application>
155
156</manifest>